<?xml version="1.0" encoding="UTF-8"?>
<!-- Generated by org.testng.reporters.JUnitXMLReporter -->
<testsuite ignored="0" hostname="DESKTOP-E3FNQHB" failures="1" tests="1" name="Test" time="13.048" errors="0" timestamp="2022-08-03T16:19:51 IST">
  <testcase classname="com.project.test.Test_login_001" name="logitest" time="6.021">
    <failure type="java.lang.AssertionError" message="expected [Your store. Logi] but found [Your store. Login]">
      <![CDATA[java.lang.AssertionError: expected [Your store. Logi] but found [Your store. Login]
at com.project.page.loginpage.verifylogout(loginpage.java:60)
at com.project.test.Test_login_001.logitest(Test_login_001.java:21)
at java.base/java.util.ArrayList.forEach(ArrayList.java:1511)
... Removed 33 stack frames]]>
    </failure>
  </testcase> <!-- logitest -->
</testsuite> <!-- Test -->
