<?xml version="1.0" encoding="UTF-8"?>
<testng-results ignored="0" total="1" passed="1" failed="0" skipped="0">
  <reporter-output>
  </reporter-output>
  <suite started-at="2022-08-03T16:26:03 IST" name="Suite" finished-at="2022-08-03T16:26:16 IST" duration-ms="12249">
    <groups>
    </groups>
    <test started-at="2022-08-03T16:26:03 IST" name="Test" finished-at="2022-08-03T16:26:16 IST" duration-ms="12249">
      <class name="com.project.test.Test_login_001">
        <test-method is-config="true" signature="setup(java.lang.String)[pri:0, instance:com.project.test.Test_login_001@3427b02d]" started-at="2022-08-03T16:26:03 IST" name="setup" finished-at="2022-08-03T16:26:07 IST" duration-ms="3796" status="PASS">
          <params>
            <param index="0">
              <value>
                <![CDATA[chrome]]>
              </value>
            </param>
          </params>
          <reporter-output>
          </reporter-output>
        </test-method> <!-- setup -->
        <test-method signature="logitest()[pri:0, instance:com.project.test.Test_login_001@3427b02d]" started-at="2022-08-03T16:26:07 IST" name="logitest" finished-at="2022-08-03T16:26:12 IST" duration-ms="5174" status="PASS">
          <reporter-output>
          </reporter-output>
        </test-method> <!-- logitest -->
        <test-method is-config="true" signature="teardown()[pri:0, instance:com.project.test.Test_login_001@3427b02d]" started-at="2022-08-03T16:26:13 IST" name="teardown" finished-at="2022-08-03T16:26:16 IST" duration-ms="3078" status="PASS">
          <reporter-output>
          </reporter-output>
        </test-method> <!-- teardown -->
      </class> <!-- com.project.test.Test_login_001 -->
    </test> <!-- Test -->
  </suite> <!-- Suite -->
</testng-results>
